<?xml version="1.0" encoding="UTF-8"?>
<!-- Generated by org.testng.reporters.JUnitReportReporter -->
<testsuite skipped="0" hostname="DESKTOP-NQA0MPQ" name="DemoTest" tests="1" failures="0" timestamp="2021-04-20T19:56:01 IST" time="8.491" errors="0">
  <testcase name="validateFlights" time="8.491" classname="DemoTest"/>
</testsuite> <!-- DemoTest -->
